MPASM 5.87  /HOME/TALES/MPLABXPROJECTS/BLINK   8-26-2020  20:47:56         PAGE  1


LOC  OBJECT CODE     LINE SOURCE TEXT
  VALUE

                      00001 ; PIC12F675 Configuration Bit Settings
                      00002 
                      00003 ; Assembly source line config statements
                      00004 
                      00005 #include "p12f675.inc"
                      00001         LIST
                      00002 
                      00003 ;==========================================================================
                      00004 ; Build date : Jan 06 2020
                      00005 ;  MPASM PIC12F675 processor include
                      00006 ; 
                      00007 ;  (c) Copyright 1999-2020 Microchip Technology, All rights reserved
                      00008 ;==========================================================================
                      00009 
                      00367         LIST
                      00006 
                      00007 ; CONFIG
                      00008 ; __config 0x3185
2007   3F85           00009  __CONFIG _FOSC_INTRCCLK & _WDTE_OFF & _PWRTE_ON & _MCLRE_OFF & _BOREN_OFF & _CP_OFF & _CPD_OFF
                      00010  
                      00011 ; PAGINAÇÃO DE MEMORIA
                      00012  
                      00013  #DEFINE        BANK0   BCF STATUS,RP0      ;BANCO 0 DE MEMÓRIA
                      00014  #DEFINE        BANK1   BSF STATUS,RP0      ;BANCO 1 DE MEMORIA
                      00015 ; #DEFINE       T0IF    INTCON,2            ;FLAG DO TMR0
                      00016  
                      00017  ; VARIÁVEIS
                      00018  
                      00019    CBLOCK   0X20                            ;INICIO MEMÓRIA - REGISTRADORES DE USO GERAL 
                      00020    
                      00021    ENDC                                     ;FIM DA ALOCAÇÃO DE REGISTRADORES DE USO GERAL
                      00022    
                      00023  ; SAÍDAS
                      00024  
                      00025  #DEFINE        LED1    GPIO,2              ;SAÍDA LED 1 NA PORTA 4
                      00026  #DEFINE        LED2    GPIO,0              ;SAIDA LED 2 NA PORTA 2
                      00027  
                      00028  ; VETOR RESET
                      00029  
                      00030     ORG     0X00                            ;
0000   2???           00031     GOTO    SETUP                           ;CONFIGURAÇÃO INICIAL DOS REGISTRADORES
                      00032     
                      00033 ; VETOR DE INTERRUPÇÃO    
                      00034     ORG     0X04
                      00035     
0004   190B           00036     BTFSC   INTCON,2                        ;TESTA T0IF, PULA SE = A ZERO   
0005   2???           00037     CALL    INVERTE                         ;CHAMA A FUNÇÃO INVERTE
                      00038     
0006   0009           00039     RETFIE                                  ;RETORNA DE INTERRUPÇÃO
                      00040     
0007                  00041 SETUP:    
                      00042         
0007   1683           00043     BANK1                                   ;MOVE P/ O BANCO 1 DE MEMORIA
MPASM 5.87  /HOME/TALES/MPLABXPROJECTS/BLINK   8-26-2020  20:47:56         PAGE  2


LOC  OBJECT CODE     LINE SOURCE TEXT
  VALUE

                      00044     
0008   3000           00045     MOVLW   0X00
Message[302]: Register in operand not in bank 0.  Ensure that bank bits are correct.
0009   009F           00046     MOVWF   ANSEL                           ;DESABILITA I/O ANALÓGICO                       ;
                      00047     
000A   3000           00048     MOVLW   B'00000000'                     ;
Message[302]: Register in operand not in bank 0.  Ensure that bank bits are correct.
000B   0085           00049     MOVWF   TRISIO                          ;CONFIG PORTAS 2 E 4 COMO SAIDAS
                      00050         
000C   3081           00051     MOVLW   B'10000001'                     ;
Message[302]: Register in operand not in bank 0.  Ensure that bank bits are correct.
000D   0081           00052     MOVWF   OPTION_REG                      ;CONFIGURA O PRESCALER DO TMR0 (1:4)
000E   30E0           00053     MOVLW   B'11100000'                     ;
000F   008B           00054     MOVWF   INTCON                          ;HABILITA O TMR0 NA INTCON
                      00055     
0010   1283           00056     BANK0                                   ;VOLTA P/ O BANCO 0
0011   0181           00057     CLRF    TMR0                            ;LIMPA O CONTADOR DO TMR0
0012   3007           00058     MOVLW   B'00000111'                     ;
0013   0099           00059     MOVWF   CMCON                           ;DESLIGA OS COMPARADORES
0014   3001           00060     MOVLW   B'00000001'                     ;
0015   0085           00061     MOVWF   GPIO                            ;INICIA COM O PINO 0 EM HIGH
                      00062         
                      00063     
                      00064 ; ROTINA PRINCIPAL    
                      00065     
0016                  00066 MAIN:
                      00067 ;    CALL    INV_1
                      00068    
                      00069 ;    CALL    DELAY
                      00070     
0016   2???           00071     GOTO    MAIN
                      00072 
0017                  00073 INVERTE:
0017   110B           00074     BCF     INTCON,2                        ;LIMPA O BIT DA INTERRUPÇÃO DO TMR0
0018   3005           00075     MOVLW   B'00000101'                     ;MASCARA P/ INVERSÃO DOS PINOS
0019   0685           00076     XORWF   GPIO,F                          ;OU EXCLUSIVO, COMPARA E INVERTE OS PINOS 0 E 2
001A   0008           00077     RETURN
                      00078     
                      00079     
                      00080 
                      00081     
3F85                  00082     END
MPASM 5.87  /HOME/TALES/MPLABXPROJECTS/BLINK   8-26-2020  20:47:56         PAGE  3


SYMBOL TABLE
  LABEL                             VALUE 

ADCON0                            0000001F
ADCS0                             00000004
ADCS1                             00000005
ADCS2                             00000006
ADFM                              00000007
ADIE                              00000006
ADIF                              00000006
ADON                              00000000
ADRESH                            0000001E
ADRESL                            0000009E
ANS0                              00000000
ANS1                              00000001
ANS2                              00000002
ANS3                              00000003
ANSEL                             0000009F
BANK0                             BCF STATUS,RP0
BANK1                             BSF STATUS,RP0
C                                 00000000
CAL0                              00000002
CAL1                              00000003
CAL2                              00000004
CAL3                              00000005
CAL4                              00000006
CAL5                              00000007
CHS0                              00000002
CHS1                              00000003
CINV                              00000004
CIS                               00000003
CM0                               00000000
CM1                               00000001
CM2                               00000002
CMCON                             00000019
CMIE                              00000003
CMIF                              00000003
COUT                              00000006
DC                                00000001
EEADR                             0000009B
EECON1                            0000009C
EECON2                            0000009D
EEDAT                             0000009A
EEDATA                            0000009A
EEIE                              00000007
EEIF                              00000007
F                                 00000001
FSR                               00000004
GIE                               00000007
GO                                00000001
GO_DONE                           00000001
GO_NOT_DONE                       00000001
GP0                               00000000
GP1                               00000001
GP2                               00000002
GP3                               00000003
MPASM 5.87  /HOME/TALES/MPLABXPROJECTS/BLINK   8-26-2020  20:47:56         PAGE  4


SYMBOL TABLE
  LABEL                             VALUE 

GP4                               00000004
GP5                               00000005
GPIE                              00000003
GPIF                              00000000
GPIO                              00000005
GPIO0                             00000000
GPIO1                             00000001
GPIO2                             00000002
GPIO3                             00000003
GPIO4                             00000004
GPIO5                             00000005
INDF                              00000000
INTCON                            0000000B
INTE                              00000004
INTEDG                            00000006
INTF                              00000001
INVERTE                           00000017
IOC                               00000096
IOC0                              00000000
IOC1                              00000001
IOC2                              00000002
IOC3                              00000003
IOC4                              00000004
IOC5                              00000005
IOCB                              00000096
IOCB0                             00000000
IOCB1                             00000001
IOCB2                             00000002
IOCB3                             00000003
IOCB4                             00000004
IOCB5                             00000005
IRP                               00000007
LED1                              GPIO,2
LED2                              GPIO,0
MAIN                              00000016
NOT_BOD                           00000000
NOT_BOR                           00000000
NOT_DONE                          00000001
NOT_GPPU                          00000007
NOT_PD                            00000003
NOT_POR                           00000001
NOT_T1SYNC                        00000002
NOT_TO                            00000004
OPTION_REG                        00000081
OSCCAL                            00000090
PCL                               00000002
PCLATH                            0000000A
PCON                              0000008E
PEIE                              00000006
PIE1                              0000008C
PIR1                              0000000C
PS0                               00000000
PS1                               00000001
MPASM 5.87  /HOME/TALES/MPLABXPROJECTS/BLINK   8-26-2020  20:47:56         PAGE  5


SYMBOL TABLE
  LABEL                             VALUE 

PS2                               00000002
PSA                               00000003
RD                                00000000
RP0                               00000005
RP1                               00000006
SETUP                             00000007
STATUS                            00000003
T0CS                              00000005
T0IE                              00000005
T0IF                              00000002
T0SE                              00000004
T1CKPS0                           00000004
T1CKPS1                           00000005
T1CON                             00000010
T1IE                              00000000
T1IF                              00000000
T1OSCEN                           00000003
TMR0                              00000001
TMR0IE                            00000005
TMR0IF                            00000002
TMR1                              0000000E
TMR1CS                            00000001
TMR1GE                            00000006
TMR1H                             0000000F
TMR1IE                            00000000
TMR1IF                            00000000
TMR1L                             0000000E
TMR1ON                            00000000
TRISIO                            00000085
TRISIO0                           00000000
TRISIO1                           00000001
TRISIO2                           00000002
TRISIO3                           00000003
TRISIO4                           00000004
TRISIO5                           00000005
VCFG                              00000006
VR0                               00000000
VR1                               00000001
VR2                               00000002
VR3                               00000003
VRCON                             00000099
VREN                              00000007
VRR                               00000005
W                                 00000000
WPU                               00000095
WPU0                              00000000
WPU1                              00000001
WPU2                              00000002
WPU4                              00000004
WPU5                              00000005
WR                                00000001
WREN                              00000002
WRERR                             00000003
MPASM 5.87  /HOME/TALES/MPLABXPROJECTS/BLINK   8-26-2020  20:47:56         PAGE  6


SYMBOL TABLE
  LABEL                             VALUE 

Z                                 00000002
_BODEN_OFF                        00003FBF
_BODEN_ON                         00003FFF
_BOREN_OFF                        00003FBF
_BOREN_ON                         00003FFF
_CONFIG                           00002007
_CPD_OFF                          00003FFF
_CPD_ON                           00003EFF
_CP_OFF                           00003FFF
_CP_ON                            00003F7F
_DEVID1                           00002006
_EC_OSC                           00003FFB
_EXTRC_OSC_CLKOUT                 00003FFF
_EXTRC_OSC_NOCLKOUT               00003FFE
_FOSC_EC                          00003FFB
_FOSC_EXTRCCLK                    00003FFF
_FOSC_EXTRCIO                     00003FFE
_FOSC_HS                          00003FFA
_FOSC_INTRCCLK                    00003FFD
_FOSC_INTRCIO                     00003FFC
_FOSC_LP                          00003FF8
_FOSC_XT                          00003FF9
_HS_OSC                           00003FFA
_IDLOC0                           00002000
_IDLOC1                           00002001
_IDLOC2                           00002002
_IDLOC3                           00002003
_INTRC_OSC_CLKOUT                 00003FFD
_INTRC_OSC_NOCLKOUT               00003FFC
_LP_OSC                           00003FF8
_MCLRE_OFF                        00003FDF
_MCLRE_ON                         00003FFF
_PWRTE_OFF                        00003FFF
_PWRTE_ON                         00003FEF
_WDTE_OFF                         00003FF7
_WDTE_ON                          00003FFF
_WDT_OFF                          00003FF7
_WDT_ON                           00003FFF
_XT_OSC                           00003FF9
__12F675                          00000001
__DEBUG                           
__MPLAB_DEBUGGER_SIMULATOR        1

Errors   :     0
Warnings :     0 reported,     0 suppressed
Messages :     3 reported,     0 suppressed

