MPASM 5.87  /HOME/TALES/MPLABXPROJECTS/HELLO   8-25-2020  20:59:42         PAGE  1


LOC  OBJECT CODE     LINE SOURCE TEXT
  VALUE

                      00001 
                      00002 ; PIC16F628A Configuration Bit Settings
                      00003 
                      00004 ; Assembly source line config statements
                      00005 
                      00006 #include "p16f628a.inc"
                      00001         LIST
                      00002 
                      00003 ;==========================================================================
                      00004 ; Build date : Jan 06 2020
                      00005 ;  MPASM PIC16F628A processor include
                      00006 ; 
                      00007 ;  (c) Copyright 1999-2020 Microchip Technology, All rights reserved
                      00008 ;==========================================================================
                      00009 
                      00386         LIST
                      00007 
                      00008 ; CONFIG
                      00009 ; __config 0x3F11
2007   3F11           00010  __CONFIG _FOSC_INTOSCCLK & _WDTE_OFF & _PWRTE_ON & _MCLRE_OFF & _BOREN_OFF & _LVP_OFF & _CPD_OFF & _CP_
                            OFF
                      00011 ; PAGINAÇÃO DE MEMÓRIA
                      00012  
                      00013  #DEFINE    BANK0 BCF STATUS,RP0    ; SETA BANK P/ ZERO
                      00014  #DEFINE    BANK1 BSF STATUS,RP0    ; SETA BANK P/ UM
                      00015  
                      00016 ; VARIÁVEIS
                      00017  
                      00018     CBLOCK          0X20                    ; ENDEREÇO INICIAL DA MEMÓRIA DE USUÁRIO
                      00019     
  00000020            00020     AUX1
  00000021            00021     AUX2
                      00022  
                      00023     ENDC                                    ; FIM DAS VARIÁVEIS
                      00024  
                      00025 ; ENTRADAS
                      00026  
                      00027 ; #DEFINE    BOTAO   PORTA,2        ;
                      00028 
                      00029 ; SAIDAS
                      00030  
                      00031  #DEFINE    LED1    PORTB,0         ;
                      00032  #DEFINE    LED2    PORTB,2
                      00033  
                      00034 ; VETOR RESET
                      00035  
                      00036     ORG         0X00                ;ENDEREÇO INICIAL DO PROCESSAMENTO
0000   2???           00037     GOTO        INICIO
                      00038  
                      00039 ; INTERRUPÇÕES
                      00040  
                      00041     ORG         0X04                ;ENDEREÇO INICIAL DA INTERRUPÇÃO
0004   0009           00042     RETFIE                          ;RETORNA DA INTERRUPÇÃO
MPASM 5.87  /HOME/TALES/MPLABXPROJECTS/HELLO   8-25-2020  20:59:42         PAGE  2


LOC  OBJECT CODE     LINE SOURCE TEXT
  VALUE

                      00043  
                      00044 ; INICIO DO PROGRAMA
                      00045  
0005                  00046 INICIO:
0005   0185           00047     CLRF    PORTA                   ;LIMPA PORTA
0006   0186           00048     CLRF    PORTB                   ;LIMPA PORTB
                      00049     
0007   1683           00050     BANK1                           ;ALTERNA P/ O BANCO 1
0008   3004           00051     MOVLW   B'00000100'
Message[302]: Register in operand not in bank 0.  Ensure that bank bits are correct.
0009   0085           00052     MOVWF   TRISA
                      00053 
000A   3000           00054     MOVLW   B'00000000'
Message[302]: Register in operand not in bank 0.  Ensure that bank bits are correct.
000B   0086           00055     MOVWF   TRISB
000C   3080           00056     MOVLW   B'10000000'
Message[302]: Register in operand not in bank 0.  Ensure that bank bits are correct.
000D   0081           00057     MOVWF   OPTION_REG              ;PRESCALER 1:2 NO TMR0, PULL-UPS DESABILITADOS
                      00058     
000E   3000           00059     MOVLW   B'00000000'
000F   008B           00060     MOVWF   INTCON                  ;TODAS AS INTERRUPÇÕES DESLIGADAS
0010   1283           00061     BANK0
0011   3007           00062     MOVLW   B'00000111'
0012   009F           00063     MOVWF   CMCON                   ;DEFINE O MODO DE OPERAÇÃO DO COMPARADOR
                      00064     
                      00065 ;    ROTINA PRINCIPAL
                      00066     
0013                  00067 MAIN:
0013   1406           00068     BSF     LED1                    ;ACENDE O LED1
0014   1106           00069     BCF     LED2                    ;APAGA O LED2
0015   2???           00070     CALL    DELAY                   ;
0016   1006           00071     BCF     LED1                    ;APAGA O LED1
0017   1506           00072     BSF     LED2                    ;ACENDE O LED2
0018   2???           00073     CALL    DELAY
                      00074     
0019   2???           00075     GOTO    MAIN                    ;VOLTA PARA O INICIO
                      00076     
001A                  00077 DELAY:    
001A   30C8           00078     MOVLW   D'200'                  ;MOVE 200 DECIAMAL P/ WORK
001B   00A0           00079     MOVWF   AUX1                    ;MOVE O CONTEUDO DE WORK P/ VAR AUX1
                      00080     
001C                  00081 BACK1:
001C   30FA           00082     MOVLW   D'250'                  ;MOVE 250 P/ WORK
001D   00A1           00083     MOVWF   AUX2                    ;MOVE O CONTEUDO DE WORK P/ VAR AUX2
                      00084     
001E                  00085 BACK2:
001E   0000           00086     NOP
001F   0000           00087     NOP
0020   0000           00088     NOP
0021   0000           00089     NOP
0022   0000           00090     NOP
0023   0000           00091     NOP
0024   0000           00092     NOP
MPASM 5.87  /HOME/TALES/MPLABXPROJECTS/HELLO   8-25-2020  20:59:42         PAGE  3


LOC  OBJECT CODE     LINE SOURCE TEXT
  VALUE

Message[305]: Using default destination of 1 (file).
0025   0BA1           00093     DECFSZ  AUX2                    ;DECREMENTA AUX2 PULA LINHA SE FOR ZERO
0026   2???           00094     GOTO    BACK2
                      00095     
Message[305]: Using default destination of 1 (file).
0027   0BA0           00096     DECFSZ  AUX1                    ;DECREMENTA AUX1, PULA SE FOR ZERO
0028   2???           00097     GOTO    BACK1
                      00098     
0029   0008           00099     RETURN
                      00100     
                      00101 ;FIM DO PROGRAMA
                      00102     
3F11                  00103     END                             ;
MPASM 5.87  /HOME/TALES/MPLABXPROJECTS/HELLO   8-25-2020  20:59:42         PAGE  4


SYMBOL TABLE
  LABEL                             VALUE 

ADDEN                             00000003
ADEN                              00000003
AUX1                              00000020
AUX2                              00000021
BACK1                             0000001C
BACK2                             0000001E
BANK0                             BCF STATUS,RP0
BANK1                             BSF STATUS,RP0
BRGH                              00000002
C                                 00000000
C1INV                             00000004
C1OUT                             00000006
C2INV                             00000005
C2OUT                             00000007
CCP1CON                           00000017
CCP1IE                            00000002
CCP1IF                            00000002
CCP1M0                            00000000
CCP1M1                            00000001
CCP1M2                            00000002
CCP1M3                            00000003
CCP1X                             00000005
CCP1Y                             00000004
CCPR1                             00000015
CCPR1H                            00000016
CCPR1L                            00000015
CIS                               00000003
CM0                               00000000
CM1                               00000001
CM2                               00000002
CMCON                             0000001F
CMIE                              00000006
CMIF                              00000006
CREN                              00000004
CSRC                              00000007
DATA_CP_OFF                       00003FFF
DATA_CP_ON                        00003EFF
DC                                00000001
DELAY                             0000001A
EEADR                             0000009B
EECON1                            0000009C
EECON2                            0000009D
EEDATA                            0000009A
EEIE                              00000007
EEIF                              00000007
F                                 00000001
FERR                              00000002
FSR                               00000004
GIE                               00000007
INDF                              00000000
INICIO                            00000005
INTCON                            0000000B
INTE                              00000004
MPASM 5.87  /HOME/TALES/MPLABXPROJECTS/HELLO   8-25-2020  20:59:42         PAGE  5


SYMBOL TABLE
  LABEL                             VALUE 

INTEDG                            00000006
INTF                              00000001
IRP                               00000007
LED1                              PORTB,0
LED2                              PORTB,2
MAIN                              00000013
NOT_BO                            00000000
NOT_BOD                           00000000
NOT_BOR                           00000000
NOT_PD                            00000003
NOT_POR                           00000001
NOT_RBPU                          00000007
NOT_T1SYNC                        00000002
NOT_TO                            00000004
OERR                              00000001
OPTION_REG                        00000081
OSCF                              00000003
PCL                               00000002
PCLATH                            0000000A
PCON                              0000008E
PEIE                              00000006
PIE1                              0000008C
PIR1                              0000000C
PORTA                             00000005
PORTB                             00000006
PR2                               00000092
PS0                               00000000
PS1                               00000001
PS2                               00000002
PSA                               00000003
RA0                               00000000
RA1                               00000001
RA2                               00000002
RA3                               00000003
RA4                               00000004
RA5                               00000005
RA6                               00000006
RA7                               00000007
RB0                               00000000
RB1                               00000001
RB2                               00000002
RB3                               00000003
RB4                               00000004
RB5                               00000005
RB6                               00000006
RB7                               00000007
RBIE                              00000003
RBIF                              00000000
RCIE                              00000005
RCIF                              00000005
RCREG                             0000001A
RCSTA                             00000018
RD                                00000000
MPASM 5.87  /HOME/TALES/MPLABXPROJECTS/HELLO   8-25-2020  20:59:42         PAGE  6


SYMBOL TABLE
  LABEL                             VALUE 

RP0                               00000005
RP1                               00000006
RX9                               00000006
RX9D                              00000000
SPBRG                             00000099
SPEN                              00000007
SREN                              00000005
STATUS                            00000003
SYNC                              00000004
T0CS                              00000005
T0IE                              00000005
T0IF                              00000002
T0SE                              00000004
T1CKPS0                           00000004
T1CKPS1                           00000005
T1CON                             00000010
T1OSCEN                           00000003
T2CKPS0                           00000000
T2CKPS1                           00000001
T2CON                             00000012
TMR0                              00000001
TMR0IE                            00000005
TMR0IF                            00000002
TMR1                              0000000E
TMR1CS                            00000001
TMR1H                             0000000F
TMR1IE                            00000000
TMR1IF                            00000000
TMR1L                             0000000E
TMR1ON                            00000000
TMR2                              00000011
TMR2IE                            00000001
TMR2IF                            00000001
TMR2ON                            00000002
TOUTPS0                           00000003
TOUTPS1                           00000004
TOUTPS2                           00000005
TOUTPS3                           00000006
TRISA                             00000085
TRISA0                            00000000
TRISA1                            00000001
TRISA2                            00000002
TRISA3                            00000003
TRISA4                            00000004
TRISA5                            00000005
TRISA6                            00000006
TRISA7                            00000007
TRISB                             00000086
TRISB0                            00000000
TRISB1                            00000001
TRISB2                            00000002
TRISB3                            00000003
TRISB4                            00000004
MPASM 5.87  /HOME/TALES/MPLABXPROJECTS/HELLO   8-25-2020  20:59:42         PAGE  7


SYMBOL TABLE
  LABEL                             VALUE 

TRISB5                            00000005
TRISB6                            00000006
TRISB7                            00000007
TRMT                              00000001
TX9                               00000006
TX9D                              00000000
TXEN                              00000005
TXIE                              00000004
TXIF                              00000004
TXREG                             00000019
TXSTA                             00000098
VR0                               00000000
VR1                               00000001
VR2                               00000002
VR3                               00000003
VRCON                             0000009F
VREN                              00000007
VROE                              00000006
VRR                               00000005
W                                 00000000
WR                                00000001
WREN                              00000002
WRERR                             00000003
Z                                 00000002
_BODEN_OFF                        00003FBF
_BODEN_ON                         00003FFF
_BOREN_OFF                        00003FBF
_BOREN_ON                         00003FFF
_CONFIG                           00002007
_CPD_OFF                          00003FFF
_CPD_ON                           00003EFF
_CP_OFF                           00003FFF
_CP_ON                            00001FFF
_DEVID1                           00002006
_ER_OSC_CLKOUT                    00003FFF
_ER_OSC_NOCLKOUT                  00003FFE
_EXTCLK_OSC                       00003FEF
_FOSC_ECIO                        00003FEF
_FOSC_EXTRCCLK                    00003FFF
_FOSC_EXTRCIO                     00003FFE
_FOSC_HS                          00003FEE
_FOSC_INTOSCCLK                   00003FFD
_FOSC_INTOSCIO                    00003FFC
_FOSC_LP                          00003FEC
_FOSC_XT                          00003FED
_HS_OSC                           00003FEE
_IDLOC0                           00002000
_IDLOC1                           00002001
_IDLOC2                           00002002
_IDLOC3                           00002003
_INTOSC_OSC_CLKOUT                00003FFD
_INTOSC_OSC_NOCLKOUT              00003FFC
_INTRC_OSC_CLKOUT                 00003FFD
MPASM 5.87  /HOME/TALES/MPLABXPROJECTS/HELLO   8-25-2020  20:59:42         PAGE  8


SYMBOL TABLE
  LABEL                             VALUE 

_INTRC_OSC_NOCLKOUT               00003FFC
_LP_OSC                           00003FEC
_LVP_OFF                          00003F7F
_LVP_ON                           00003FFF
_MCLRE_OFF                        00003FDF
_MCLRE_ON                         00003FFF
_PWRTE_OFF                        00003FFF
_PWRTE_ON                         00003FF7
_RC_OSC_CLKOUT                    00003FFF
_RC_OSC_NOCLKOUT                  00003FFE
_WDTE_OFF                         00003FFB
_WDTE_ON                          00003FFF
_WDT_OFF                          00003FFB
_WDT_ON                           00003FFF
_XT_OSC                           00003FED
__16F628A                         00000001
__DEBUG                           
__MPLAB_DEBUGGER_SIMULATOR        1

Errors   :     0
Warnings :     0 reported,     0 suppressed
Messages :     5 reported,     0 suppressed

