MPASM 5.87  /HOME/TALES/MPLABXPROJECTS/BLINK   8-25-2020  22:55:41         PAGE  1


LOC  OBJECT CODE     LINE SOURCE TEXT
  VALUE

                      00001 
                      00002 ; PIC12F675 Configuration Bit Settings
                      00003 
                      00004 ; Assembly source line config statements
                      00005 
                      00006 #include "p12f675.inc"
                      00001         LIST
                      00002 
                      00003 ;==========================================================================
                      00004 ; Build date : Jan 06 2020
                      00005 ;  MPASM PIC12F675 processor include
                      00006 ; 
                      00007 ;  (c) Copyright 1999-2020 Microchip Technology, All rights reserved
                      00008 ;==========================================================================
                      00009 
                      00367         LIST
                      00007 
                      00008 ; CONFIG
                      00009 ; __config 0x3185
2007   3F85           00010  __CONFIG _FOSC_INTRCCLK & _WDTE_OFF & _PWRTE_ON & _MCLRE_OFF & _BOREN_OFF & _CP_OFF & _CPD_OFF
                      00011  
                      00012 ; PAGINAÇÃO DE MEMORIA
                      00013  
                      00014  #DEFINE        BANK0   BCF STATUS,RP0      ;BANCO 0 DE MEMÓRIA
                      00015  #DEFINE        BANK1   BSF STATUS,RP0      ;BANCO 1 DE MEMORIA
                      00016  
                      00017  ; VARIÁVEIS
                      00018  
                      00019    CBLOCK   0X20                            ;INICIO MEMÓRIA - REGISTRADORES DE USO GERAL
                      00020    
  00000020            00021    AUX1
  00000021            00022    AUX2
                      00023    
                      00024    ENDC                                     ;FIM DA ALOCAÇÃO DE REGISTRADORES DE USO GERAL
                      00025    
                      00026  ; SAÍDAS
                      00027  
                      00028  #DEFINE        LED1    GPIO,2              ;SAÍDA LED 1 NA PORTA 4
                      00029  #DEFINE        LED2    GPIO,0              ;SAIDA LED 2 NA PORTA 2
                      00030  
                      00031  ; VETOR RESET
                      00032  
                      00033     ORG     H'00'                           ;
0000   2???           00034     GOTO    SETUP                           ;CONFIGURAÇÃO INICIAL DOS REGISTRADORES
                      00035     
                      00036 ; VETOR DE INTERRUPÇÃO
                      00037     
                      00038     ORG     H'04'
0004   0009           00039     RETFIE                                  ;RETORNA DE INTERRUPÇÃO
                      00040     
0005                  00041 SETUP:    
                      00042         
0005   1683           00043     BANK1                                   ;MOVE P/ O BANCO 1 DE MEMORIA
MPASM 5.87  /HOME/TALES/MPLABXPROJECTS/BLINK   8-25-2020  22:55:41         PAGE  2


LOC  OBJECT CODE     LINE SOURCE TEXT
  VALUE

                      00044     
0006   3000           00045     MOVLW   0X00
Message[302]: Register in operand not in bank 0.  Ensure that bank bits are correct.
0007   009F           00046     MOVWF   ANSEL                           ;DESABILITA I/O ANALÓGICO                       ;
                      00047     
0008   3000           00048     MOVLW   B'00000000'                     ;
Message[302]: Register in operand not in bank 0.  Ensure that bank bits are correct.
0009   0085           00049     MOVWF   TRISIO                          ; CONFIG PORTAS 2 E 4 COMO SAIDAS
                      00050         
000A   1283           00051     BANK0                                   ;VOLTA P/ O BANCO 0
                      00052     
000B   3007           00053     MOVLW   B'00000111'
000C   0099           00054     MOVWF   CMCON                           ;DESLIGA OS COMPARADORES
000D   3001           00055     MOVLW   B'00000001'                     ;
000E   0085           00056     MOVWF   GPIO
                      00057         
                      00058     
                      00059 ; ROTINA PRINCIPAL    
                      00060     
000F                  00061 MAIN:
                      00062 ;    CALL    INV_1
000F   3005           00063     MOVLW   B'00000101'
0010   0685           00064     XORWF   GPIO,F
                      00065    
0011   2???           00066     CALL    DELAY
                      00067     
0012   2???           00068     GOTO    MAIN
                      00069     
                      00070 ;INV_1:
                      00071 ;    BTFSC   LED1                           ;TESTA LED1, PULA SE ESTIVER EM 0
                      00072 ;    GOTO    INV_2                          ;VAI P/ INV_2
                      00073 ;    BSF            LED1                            ;LIGA LED 1
                      00074 ;    BCF            LED2                            ;APAGA LED2
                      00075 ;    RETURN    
                      00076 ;INV_2:
                      00077 ;    BCF            LED1                            ;APAGA LED1
                      00078 ;    BSF            LED2                            ;LIGA LED2
                      00079 ;    RETURN
                      00080     
0013                  00081 DELAY:
0013   30C8           00082     MOVLW   D'200'                          ;MOVE 200 P/ WORK
0014   00A0           00083     MOVWF   AUX1                            ;CARREGA 200 EM AUX1
                      00084     
0015                  00085 BACK1:
0015   30FA           00086     MOVLW   D'250'                          ;MOVE 250 P/ WORK
0016   00A1           00087     MOVWF   AUX2                            ;CARREGA 250 EM AUX2
                      00088     
0017                  00089 BACK2:
0017   0000           00090     NOP
0018   0000           00091     NOP
0019   0000           00092     NOP
001A   0000           00093     NOP
001B   0000           00094     NOP
MPASM 5.87  /HOME/TALES/MPLABXPROJECTS/BLINK   8-25-2020  22:55:41         PAGE  3


LOC  OBJECT CODE     LINE SOURCE TEXT
  VALUE

001C   0000           00095     NOP
001D   0000           00096     NOP
Message[305]: Using default destination of 1 (file).
001E   0BA1           00097     DECFSZ  AUX2                            ;DECREMENTA AUX2, PULA QUANDO ZERO
001F   2???           00098     GOTO    BACK2                           ;VOLTA P/ BACK2
                      00099     
Message[305]: Using default destination of 1 (file).
0020   0BA0           00100     DECFSZ  AUX1
0021   2???           00101     GOTO    BACK1
                      00102     
0022   0008           00103     RETURN
                      00104     
3F85                  00105     END
MPASM 5.87  /HOME/TALES/MPLABXPROJECTS/BLINK   8-25-2020  22:55:41         PAGE  4


SYMBOL TABLE
  LABEL                             VALUE 

ADCON0                            0000001F
ADCS0                             00000004
ADCS1                             00000005
ADCS2                             00000006
ADFM                              00000007
ADIE                              00000006
ADIF                              00000006
ADON                              00000000
ADRESH                            0000001E
ADRESL                            0000009E
ANS0                              00000000
ANS1                              00000001
ANS2                              00000002
ANS3                              00000003
ANSEL                             0000009F
AUX1                              00000020
AUX2                              00000021
BACK1                             00000015
BACK2                             00000017
BANK0                             BCF STATUS,RP0
BANK1                             BSF STATUS,RP0
C                                 00000000
CAL0                              00000002
CAL1                              00000003
CAL2                              00000004
CAL3                              00000005
CAL4                              00000006
CAL5                              00000007
CHS0                              00000002
CHS1                              00000003
CINV                              00000004
CIS                               00000003
CM0                               00000000
CM1                               00000001
CM2                               00000002
CMCON                             00000019
CMIE                              00000003
CMIF                              00000003
COUT                              00000006
DC                                00000001
DELAY                             00000013
EEADR                             0000009B
EECON1                            0000009C
EECON2                            0000009D
EEDAT                             0000009A
EEDATA                            0000009A
EEIE                              00000007
EEIF                              00000007
F                                 00000001
FSR                               00000004
GIE                               00000007
GO                                00000001
GO_DONE                           00000001
MPASM 5.87  /HOME/TALES/MPLABXPROJECTS/BLINK   8-25-2020  22:55:41         PAGE  5


SYMBOL TABLE
  LABEL                             VALUE 

GO_NOT_DONE                       00000001
GP0                               00000000
GP1                               00000001
GP2                               00000002
GP3                               00000003
GP4                               00000004
GP5                               00000005
GPIE                              00000003
GPIF                              00000000
GPIO                              00000005
GPIO0                             00000000
GPIO1                             00000001
GPIO2                             00000002
GPIO3                             00000003
GPIO4                             00000004
GPIO5                             00000005
INDF                              00000000
INTCON                            0000000B
INTE                              00000004
INTEDG                            00000006
INTF                              00000001
IOC                               00000096
IOC0                              00000000
IOC1                              00000001
IOC2                              00000002
IOC3                              00000003
IOC4                              00000004
IOC5                              00000005
IOCB                              00000096
IOCB0                             00000000
IOCB1                             00000001
IOCB2                             00000002
IOCB3                             00000003
IOCB4                             00000004
IOCB5                             00000005
IRP                               00000007
LED1                              GPIO,2
LED2                              GPIO,0
MAIN                              0000000F
NOT_BOD                           00000000
NOT_BOR                           00000000
NOT_DONE                          00000001
NOT_GPPU                          00000007
NOT_PD                            00000003
NOT_POR                           00000001
NOT_T1SYNC                        00000002
NOT_TO                            00000004
OPTION_REG                        00000081
OSCCAL                            00000090
PCL                               00000002
PCLATH                            0000000A
PCON                              0000008E
PEIE                              00000006
MPASM 5.87  /HOME/TALES/MPLABXPROJECTS/BLINK   8-25-2020  22:55:41         PAGE  6


SYMBOL TABLE
  LABEL                             VALUE 

PIE1                              0000008C
PIR1                              0000000C
PS0                               00000000
PS1                               00000001
PS2                               00000002
PSA                               00000003
RD                                00000000
RP0                               00000005
RP1                               00000006
SETUP                             00000005
STATUS                            00000003
T0CS                              00000005
T0IE                              00000005
T0IF                              00000002
T0SE                              00000004
T1CKPS0                           00000004
T1CKPS1                           00000005
T1CON                             00000010
T1IE                              00000000
T1IF                              00000000
T1OSCEN                           00000003
TMR0                              00000001
TMR0IE                            00000005
TMR0IF                            00000002
TMR1                              0000000E
TMR1CS                            00000001
TMR1GE                            00000006
TMR1H                             0000000F
TMR1IE                            00000000
TMR1IF                            00000000
TMR1L                             0000000E
TMR1ON                            00000000
TRISIO                            00000085
TRISIO0                           00000000
TRISIO1                           00000001
TRISIO2                           00000002
TRISIO3                           00000003
TRISIO4                           00000004
TRISIO5                           00000005
VCFG                              00000006
VR0                               00000000
VR1                               00000001
VR2                               00000002
VR3                               00000003
VRCON                             00000099
VREN                              00000007
VRR                               00000005
W                                 00000000
WPU                               00000095
WPU0                              00000000
WPU1                              00000001
WPU2                              00000002
WPU4                              00000004
MPASM 5.87  /HOME/TALES/MPLABXPROJECTS/BLINK   8-25-2020  22:55:41         PAGE  7


SYMBOL TABLE
  LABEL                             VALUE 

WPU5                              00000005
WR                                00000001
WREN                              00000002
WRERR                             00000003
Z                                 00000002
_BODEN_OFF                        00003FBF
_BODEN_ON                         00003FFF
_BOREN_OFF                        00003FBF
_BOREN_ON                         00003FFF
_CONFIG                           00002007
_CPD_OFF                          00003FFF
_CPD_ON                           00003EFF
_CP_OFF                           00003FFF
_CP_ON                            00003F7F
_DEVID1                           00002006
_EC_OSC                           00003FFB
_EXTRC_OSC_CLKOUT                 00003FFF
_EXTRC_OSC_NOCLKOUT               00003FFE
_FOSC_EC                          00003FFB
_FOSC_EXTRCCLK                    00003FFF
_FOSC_EXTRCIO                     00003FFE
_FOSC_HS                          00003FFA
_FOSC_INTRCCLK                    00003FFD
_FOSC_INTRCIO                     00003FFC
_FOSC_LP                          00003FF8
_FOSC_XT                          00003FF9
_HS_OSC                           00003FFA
_IDLOC0                           00002000
_IDLOC1                           00002001
_IDLOC2                           00002002
_IDLOC3                           00002003
_INTRC_OSC_CLKOUT                 00003FFD
_INTRC_OSC_NOCLKOUT               00003FFC
_LP_OSC                           00003FF8
_MCLRE_OFF                        00003FDF
_MCLRE_ON                         00003FFF
_PWRTE_OFF                        00003FFF
_PWRTE_ON                         00003FEF
_WDTE_OFF                         00003FF7
_WDTE_ON                          00003FFF
_WDT_OFF                          00003FF7
_WDT_ON                           00003FFF
_XT_OSC                           00003FF9
__12F675                          00000001

Errors   :     0
Warnings :     0 reported,     0 suppressed
Messages :     4 reported,     0 suppressed

